project/Shelves/app/build/outputs/logs/manifest-merger-debug-report.txt
-- Merging decision tree log ---
manifest
ADDED from src\main\AndroidManifest.xml:18:1-84:12
INJECTED from src\main\AndroidManifest.xml:18:1-84:12
INJECTED from src\main\AndroidManifest.xml:18:1-84:12
INJECTED from src\main\AndroidManifest.xml:18:1-84:12
INJECTED from src\main\AndroidManifest.xml:18:1-84:12
INJECTED from src\main\AndroidManifest.xml:18:1-84:12
INJECTED from src\main\AndroidManifest.xml:18:1-84:12
	package
		ADDED from src\main\AndroidManifest.xml:19:5-50
		INJECTED from src\main\AndroidManifest.xml
		INJECTED from src\main\AndroidManifest.xml
	android:versionName
		ADDED from src\main\AndroidManifest.xml:20:2-27
		INJECTED from src\main\AndroidManifest.xml
		INJECTED from src\main\AndroidManifest.xml
	xmlns:android
		ADDED from src\main\AndroidManifest.xml:18:11-69
	android:versionCode
		ADDED from src\main\AndroidManifest.xml:21:2-25
		INJECTED from src\main\AndroidManifest.xml
		INJECTED from src\main\AndroidManifest.xml
uses-sdk
ADDED from src\main\AndroidManifest.xml:23:2-40
INJECTED from src\main\AndroidManifest.xml:23:2-40
INJECTED from src\main\AndroidManifest.xml:23:2-40
INJECTED from src\main\AndroidManifest.xml:23:2-40
INJECTED from src\main\AndroidManifest.xml:23:2-40
	android:targetSdkVersion
		INJECTED from src\main\AndroidManifest.xml
		ADDED from src\main\AndroidManifest.xml:23:2-40
		INJECTED from src\main\AndroidManifest.xml
	android:minSdkVersion
		ADDED from src\main\AndroidManifest.xml:23:12-37
		INJECTED from src\main\AndroidManifest.xml
		INJECTED from src\main\AndroidManifest.xml
uses-permission#android.permission.INTERNET
ADDED from src\main\AndroidManifest.xml:25:5-67
	android:name
		ADDED from src\main\AndroidManifest.xml:25:22-64
application
ADDED from src\main\AndroidManifest.xml:27:5-83:19
	android:label
		ADDED from src\main\AndroidManifest.xml:29:9-49
	android:name
		ADDED from src\main\AndroidManifest.xml:28:9-43
activity#org.curiouscreature.android.shelves.activity.ShelvesActivity
ADDED from src\main\AndroidManifest.xml:31:9-51:20
	android:label
		ADDED from src\main\AndroidManifest.xml:33:13-53
	android:launchMode
		ADDED from src\main\AndroidManifest.xml:34:13-44
	android:theme
		ADDED from src\main\AndroidManifest.xml:35:13-49
	android:name
		ADDED from src\main\AndroidManifest.xml:32:13-53
intent-filter#android.intent.action.MAIN+android.intent.category.LAUNCHER
ADDED from src\main\AndroidManifest.xml:37:13-40:29
action#android.intent.action.MAIN
ADDED from src\main\AndroidManifest.xml:38:17-69
	android:name
		ADDED from src\main\AndroidManifest.xml:38:25-66
category#android.intent.category.LAUNCHER
ADDED from src\main\AndroidManifest.xml:39:17-77
	android:name
		ADDED from src\main\AndroidManifest.xml:39:27-74
intent-filter#android.intent.action.SEARCH+android.intent.category.DEFAULT
ADDED from src\main\AndroidManifest.xml:42:13-45:29
action#android.intent.action.SEARCH
ADDED from src\main\AndroidManifest.xml:43:17-71
	android:name
		ADDED from src\main\AndroidManifest.xml:43:25-68
category#android.intent.category.DEFAULT
ADDED from src\main\AndroidManifest.xml:44:17-76
	android:name
		ADDED from src\main\AndroidManifest.xml:44:27-73
meta-data#android.app.searchable
ADDED from src\main\AndroidManifest.xml:47:13-49:54
	android:resource
		ADDED from src\main\AndroidManifest.xml:49:17-51
	android:name
		ADDED from src\main\AndroidManifest.xml:48:17-54
activity#org.curiouscreature.android.shelves.activity.AddBookActivity
ADDED from src\main\AndroidManifest.xml:53:9-56:69
	android:label
		ADDED from src\main\AndroidManifest.xml:55:13-54
	android:theme
		ADDED from src\main\AndroidManifest.xml:56:13-66
	android:name
		ADDED from src\main\AndroidManifest.xml:54:13-53
activity#org.curiouscreature.android.shelves.activity.BookDetailsActivity
ADDED from src\main\AndroidManifest.xml:58:9-69:20
	android:label
		ADDED from src\main\AndroidManifest.xml:60:13-58
	android:theme
		ADDED from src\main\AndroidManifest.xml:61:13-66
	android:name
		ADDED from src\main\AndroidManifest.xml:59:13-57
intent-filter#android.intent.action.VIEW+android.intent.category.DEFAULT
ADDED from src\main\AndroidManifest.xml:63:13-67:29
action#android.intent.action.VIEW
ADDED from src\main\AndroidManifest.xml:64:17-69
	android:name
		ADDED from src\main\AndroidManifest.xml:64:25-66
data
ADDED from src\main\AndroidManifest.xml:66:17-109
	android:mimeType
		ADDED from src\main\AndroidManifest.xml:66:23-106
activity#org.curiouscreature.android.shelves.activity.SettingsActivity
ADDED from src\main\AndroidManifest.xml:71:9-73:60
	android:label
		ADDED from src\main\AndroidManifest.xml:73:13-57
	android:name
		ADDED from src\main\AndroidManifest.xml:72:13-54
provider#org.curiouscreature.android.shelves.provider.BooksProvider
ADDED from src\main\AndroidManifest.xml:75:9-77:45
	android:authorities
		ADDED from src\main\AndroidManifest.xml:77:13-42
	android:name
		ADDED from src\main\AndroidManifest.xml:76:13-51
meta-data#android.app.default_searchable
ADDED from src\main\AndroidManifest.xml:79:9-81:57
	android:value
		ADDED from src\main\AndroidManifest.xml:81:13-54
	android:name
		ADDED from src\main\AndroidManifest.xml:80:13-58